   3.4294240536639244E-002   0.0000000000000000     
  0.10288272160991774        0.0000000000000000     
  0.17147120268319621        0.0000000000000000     
  0.24005968375647471        0.0000000000000000     
  0.30864816482975321        0.0000000000000000     
  0.37723664590303169        0.0000000000000000     
  0.44582512697631016        0.0000000000000000     
  0.51441360804958869        0.0000000000000000     
  0.58300208912286711        0.0000000000000000     
  0.65159057019614564        0.0000000000000000     
  0.72017905126942416        0.0000000000000000     
  0.78876753234270258        0.0000000000000000     
  0.85735601341598111        0.0000000000000000     
  0.92594449448925964        0.0000000000000000     
  0.99453297556253806        0.0000000000000000     
   1.0631214566358165        0.0000000000000000     
   1.1317099377090951        0.0000000000000000     
   1.2002984187823735        0.0000000000000000     
   1.2688868998556520        0.0000000000000000     
   1.3374753809289306        0.0000000000000000     
   1.4060638620022090        0.0000000000000000     
   1.4746523430754874        0.0000000000000000     
   1.5432408241487661        0.0000000000000000     
   1.6118293052220445        0.0000000000000000     
   1.6804177862953227        0.0000000000000000     
   1.7490062673686015        1.4789136040274355E-004
   1.8175947484418797        1.8487121955233377E-002
   1.8861832295151586        9.7789430563280974E-002
   1.9547717105884368       0.31079487725999227     
   2.0233601916617157       0.60713022847061249     
   2.0919486727349939       0.94355731813625388     
   2.1605371538082725        1.1842868402475519     
   2.2291256348815507        1.3521769616940953     
   2.2977141159548293        1.4560486860945900     
   2.3663025970281075        1.4951192833584503     
   2.4348910781013866        1.4593162581854611     
   2.5034795591746648        1.4446293008368341     
   2.5720680402479434        1.3806507843599110     
   2.6406565213212216        1.3489887325914971     
   2.7092450023945003        1.2858068534245652     
   2.7778334834677785        1.2495997099846123     
   2.8464219645410576        1.2025592627595871     
   2.9150104456143358        1.1520143663291296     
   2.9835989266876144        1.1053517505868966     
   3.0521874077608926        1.0743001677333863     
   3.1207758888341712        1.0446017531253349     
   3.1893643699074494        1.0152803674535147     
   3.2579528509807285       0.99271915085099993     
   3.3265413320540067       0.96533031065343244     
   3.3951298131272853       0.95517951765568021     
   3.4637182942005635       0.93941090833495078     
   3.5323067752738422       0.92674571826479724     
   3.6008952563471204       0.91700655945705778     
   3.6694837374203995       0.92834212503305791     
   3.7380722184936772       0.92146321897652728     
   3.8066606995669563       0.92552596261967857     
   3.8752491806402345       0.92378533837287691     
   3.9438376617135131       0.93623677596845345     
   4.0124261427867918       0.93387092110289605     
   4.0810146238600700       0.95305729222495772     
   4.1496031049333482       0.95371134307570105     
   4.2181915860066272       0.97611995475658486     
   4.2867800670799054       0.98876346077731414     
   4.3553685481531845       0.98713339861255911     
   4.4239570292264627        1.0013802810846415     
   4.4925455102997409        1.0134741682686221     
   4.5611339913730191        1.0214354299652881     
   4.6297224724462982        1.0244939912627045     
   4.6983109535195764        1.0253206319743524     
   4.7668994345928555        1.0213948972841629     
   4.8354879156661337        1.0287526155834503     
   4.9040763967394119        1.0366565586857519     
   4.9726648778126901        1.0237366436623025     
   5.0412533588859691        1.0286674048708324     
   5.1098418399592473        1.0200392912521601     
   5.1784303210325264        1.0196874935938616     
   5.2470188021058037        1.0111169400277646     
   5.3156072831790828        1.0114534229683501     
   5.3841957642523610        1.0125372350276187     
   5.4527842453256401        1.0093968081997846     
   5.5213727263989183        1.0068855669428638     
   5.5899612074721974       0.99434672673142199     
   5.6585496885454747       0.99431111936510497     
   5.7271381696187538        1.0036893965716374     
   5.7957266506920320       0.99965933038967392     
   5.8643151317653111       0.99433170436385543     
   5.9329036128385892       0.99716987395423107     
   6.0014920939118683       0.99047418140799859     
   6.0700805749851456       0.99837621812071287     
   6.1386690560584247       0.99672267623782163     
   6.2072575371317029       0.99615451649849296     
   6.2758460182049820        1.0012316757419899     
   6.3444344992782602       0.99298708963307514     
   6.4130229803515384       0.99862713231396982     
   6.4816114614248166       0.99995170358705721     
   6.5501999424980957       0.99994754497234339     
   6.6187884235713739       0.99824155330994102     
   6.6873769046446530       0.99896461751335475     
   6.7559653857179311       0.99906608970987587     
   6.8245538667912093        1.0040230530456209     
   6.8931423478644884        1.0063290875339712     
   6.9617308289377666        1.0075002389170780     
   7.0303193100110448        1.0070703453940255     
   7.0989077910843230        1.0050862245368368     
   7.1674962721576030        1.0050189270645093     
   7.2360847532308803        1.0033477791589285     
   7.3046732343041585        1.0066920570411579     
   7.3732617153774367        1.0005839772541276     
   7.4418501964507167        1.0018410666086373     
   7.5104386775239949        1.0021154966826855     
   7.5790271585972731        1.0014597650266506     
   7.6476156396705512        1.0031804967840985     
   7.7162041207438303        1.0035801732471235     
   7.7847926018171085        1.0003085570103929     
   7.8533810828903867       0.99794399220043828     
   7.9219695639636649        1.0009614642578593     
   7.9905580450369440        1.0006815793381232     
   8.0591465261102222        1.0018753904477209     
   8.1277350071835013       0.99984550821080520     
   8.1963234882567786        1.0006929212477802     
   8.2649119693300577       0.99648629630575380     
   8.3335004504033368        1.0000610947746611     
   8.4020889314766141       0.99749677315409846     
   8.4706774125498931       0.99886301551280032     
   8.5392658936231722        1.0022533823066839     
   8.6078543746964513        1.0029117440564264     
   8.6764428557697286       0.99862789474344482     
   8.7450313368430059        1.0028386178677875     
   8.8136198179162868        1.0044679602918993     
   8.8822082989895641        1.0028822624023157     
   8.9507967800628432       0.99957230427147459     
   9.0193852611361205        1.0025983741110271     
   9.0879737422093996        1.0059071335683258     
   9.1565622232826787        1.0025449742312511     
   9.2251507043559560        1.0000537753102081     
   9.2937391854292351        1.0024507293621325     
   9.3623276665025141       0.99921420128934213     
   9.4309161475757914        1.0000300445038799     
   9.4995046286490705        1.0018313201515936     
   9.5680931097223478        1.0021686476012908     
   9.6366815907956287        1.0010209467251312     
   9.7052700718689060        1.0041094686261052     
   9.7738585529421851        1.0033423067303173     
   9.8424470340154624        1.0014480454782670     
   9.9110355150887415        1.0010806439612001     
   9.9796239961620206        1.0014873430363012     
   10.048212477235298        1.0052492350142606     
   10.116800958308577       0.99831375852639137     
   10.185389439381856       0.99945462878366853     
   10.253977920455133        1.0036730448229312     
   10.322566401528412        1.0025959813311194     
   10.391154882601690       0.99835893306083046     
   10.459743363674971       0.99800907631385194     
   10.528331844748248       0.99871832808275784     
   10.596920325821527       0.99939415427491707     
   10.665508806894804        1.0013224157563998     
   10.734097287968083        1.0005007063372291     
   10.802685769041362       0.99866528132390775     
   10.871274250114640        1.0022556973356092     
   10.939862731187919        1.0006950669561552     
   11.008451212261198       0.99873323679746462     
   11.077039693334475        1.0019351168848254     
   11.145628174407754       0.99847406553905216     
   11.214216655481032        1.0016209086369570     
   11.282805136554312       0.99899842988112442     
   11.351393617627590        1.0039401164598818     
   11.419982098700869        1.0015895944389288     
   11.488570579774146        1.0011226135541087     
   11.557159060847425        1.0013786414873798     
   11.625747541920704        1.0020811854438458     
   11.694336022993982       0.99718977938225883     
   11.762924504067261        1.0026772232093728     
   11.831512985140540        1.0042020120250885     
   11.900101466213817       0.99880048820482215     
   11.968689947287096        1.0017097420774490     
   12.037278428360374        1.0002256026283172     
   12.105866909433654        1.0011435373614395     
   12.174455390506932        1.0006738575637431     
   12.243043871580211        1.0001729614618537     
   12.311632352653488        1.0012509085519727     
   12.380220833726767       0.99986133442681624     
   12.448809314800046       0.99860501000080637     
   12.517397795873324        1.0015581361636574     
   12.585986276946603        1.0021712535619589     
   12.654574758019882       0.99935282927415880     
   12.723163239093159       0.99860510610396336     
   12.791751720166438       0.99975982037971600     
   12.860340201239715        1.0015526574227236     
   12.928928682312996        1.0002602713536928     
   12.997517163386274        1.0000561639237682     
   13.066105644459553        1.0022950966133437     
   13.134694125532830       0.99685863308056355     
   13.203282606606109        1.0032226616374345     
   13.271871087679388       0.99757329425894437     
   13.340459568752665       0.99890455941879308     
   13.409048049825945       0.99916246626435057     
   13.477636530899224        1.0007308893005455     
   13.546225011972501        1.0014273662341717     
   13.614813493045780        1.0001136200700405     
   13.683401974119059        1.0007863786284199     
