 # Time         Temp      Kin     Potencial       E_tot        Pressure
   0.0000000000000000        306.27967104246983        3.8198252774540000       0.84918644228443974        4.6690117197384398        636637870.26538992     
   7.3971513515464502E-004   313.28256860595053        3.9071632487837906       0.97804727333824326        4.8852105221220334        683809956.27361798     
   1.4794302703092900E-003   298.81998748194076        3.7267904125237523       0.98025494878786057        4.7070453613116126        684035863.07314003     
   2.2191454054639351E-003   289.12358282291456        3.6058598542176634       0.88239875750769259        4.4882586117253558        650291038.79127383     
   2.9588605406185801E-003   302.90383546012384        3.7777229007403150       0.85498562659706856        4.6327085273373836        640416974.79268706     
   3.6985756757732251E-003   307.94144520149513        3.8405504105209762       0.80483516082739248        4.6453855713483687        621657869.26577854     
   4.4382908109278701E-003   300.32238254679282        3.7455278188488630       0.78623066825694221        4.5317584871058045        614872672.30133510     
   5.1780059460825156E-003   306.76605968897866        3.8258913661378404       0.83780261092076536        4.6636939770586059        632599805.52339518     
   5.9177210812371601E-003   303.92916054923677        3.7905104379597154       0.74814860338061651        4.5386590413403320        600908021.89513803     
   6.6574362163918056E-003   306.96121267245263        3.8283252537566543       0.81700824525765192        4.6453334990143063        625340664.21241879     
   7.3971513515464502E-003   300.91172025479187        3.7528778563695036       0.80587499177169997        4.5587528481412036        622467126.46424937     
   8.1368664867010956E-003   298.53719559102899        3.7232635195716761       0.75468438464279031        4.4779479042144663        604165286.46487951     
   8.8765816218557402E-003   310.34938807095921        3.8705815288388763       0.88748150586191066        4.7580630347007871        650970488.76626873     
   9.6162967570103848E-003   288.88819632196868        3.6029241866194055       0.82663126071550164        4.4295554473349075        629443208.59158289     
   1.0356011892165031E-002   298.26876849798356        3.7199157799333298       0.84858526333728534        4.5685010432706159        637475003.62482858     
   1.1095727027319676E-002   304.87542999568723        3.8023120176679965       0.83310966221538429        4.6354216798833807        631729047.07604706     
   1.1835442162474320E-002   302.75704594065809        3.7758921872782945       0.86576137378918716        4.6416535610674812        642541958.00407779     
   1.2575157297628965E-002   294.77037697207106        3.6762849234170378       0.76283775276204580        4.4391226761790836        606320747.63894761     
   1.3314872432783611E-002   297.66982059535434        3.7124458870391854       0.75792341106399042        4.4703692981031766        604947948.80321944     
   1.4054587567938256E-002   310.36456619804648        3.8707708257429609       0.79941065663384914        4.6701814823768100        618722011.24394166     
   1.4794302703092900E-002   296.14491463280342        3.6934277317640851       0.82631037610058511        4.5197381078646703        629079546.28441536     
   1.5534017838247545E-002   306.23366217923899        3.8192514691494597       0.80205114355386886        4.6213026127033281        620649210.80552614     
   1.6273732973402191E-002   295.51453135410890        3.6855657865874893       0.78602447477357562        4.4715902613610652        614069209.49690282     
   1.7013448108556834E-002   300.88128151162135        3.7524982337841033       0.86929915824459580        4.6217973920286992        643188785.57487595     
   1.7753163243711480E-002   305.17142259085296        3.8060035457185029       0.88093958293373165        4.6869431286522341        647270552.00302660     
   1.8492878378866123E-002   291.62639800831727        3.6370741907012345       0.82846799315980957        4.4655421838610438        629051897.52493942     
   1.9232593514020770E-002   302.06509403248600        3.7672623772075768       0.81471269935188928        4.5819750765594662        624147431.35469580     
   1.9972308649175416E-002   292.27396126905393        3.6451503992974277       0.80255192086318639        4.4477023201606141        619539630.92919600     
   2.0712023784330062E-002   308.32630487362223        3.8453502612549801       0.81924731877905999        4.6645975800340400        625442639.47600341     
   2.1451738919484705E-002   288.24440098869468        3.5948949704485229       0.74578366992000000        4.3406786403685231        598872936.04347765     
   2.2191454054639351E-002   303.25351049363536        3.7820839395495689       0.74814001978938771        4.5302239593389562        599367124.47155213     
   2.2931169189793998E-002   301.35744153267774        3.7584367542166004       0.82456057568107566        4.5829973298976761        626744726.62139904     
   2.3670884324948641E-002   290.67442238256240        3.6252014452904744       0.78391097173044666        4.4091124170209213        612797398.82926810     
   2.4410599460103287E-002   305.04993659960104        3.8044884100300611       0.77757906951137856        4.5820674795414398        610504531.52321815     
   2.5150314595257930E-002   306.64013006883647        3.8243208108849824       0.79454684657878338        4.6188676574637659        615912364.36499202     
   2.5890029730412576E-002   318.04003096885555        3.9664968471532385       0.84588835324040412        4.8123852003936429        633804170.18694842     
   2.6629744865567222E-002   293.62502164853919        3.6620004062579241       0.87223122427628996        4.5342316305342143        643644947.81562150     
   2.7369460000721865E-002   295.81511985963857        3.6893146334098272       0.83704470818759436        4.5263593415974217        631138482.71773696     
   2.8109175135876512E-002   297.51184342337746        3.7104756446371221       0.77312416939869411        4.4835998140358155        608627485.30336320     
   2.8848890271031154E-002   303.93813083949073        3.7906223126438610       0.77830590407329525        4.5689282167171559        610402740.04842401     
   2.9588605406185801E-002   290.20459669684891        3.6193419247281819       0.79403344775454532        4.4133753724827276        615673273.70054185     
   3.0328320541340447E-002   303.86984968174875        3.7897707311744520       0.82317517021570108        4.6129459013901535        626238437.55797815     
   3.1068035676495090E-002   303.92675865830540        3.7904804823192961       0.81154888824813842        4.6020293705674344        622098387.97563732     
   3.1807750811649736E-002   294.36140907419423        3.6711844023518942       0.81649778102340864        4.4876821833753029        623893639.44239855     
   3.2547465946804383E-002   297.59123945111867        3.7114658473256092       0.74602083994142854        4.4574866872670382        598464540.79116547     
   3.3287181081959022E-002   303.55733103222468        3.7858730952880579       0.81861683630421489        4.6044899315922727        623906863.65860820     
   3.4026896217113668E-002   295.75013186007203        3.6885041231900986       0.79420318305032334        4.4827073062404219        615448373.61607730     
   3.4766611352268315E-002   296.75083034532463        3.7009845250269788       0.81139106040136599        4.5123755854283454        622263906.58835828     
   3.5506326487422961E-002   301.95638389792657        3.7659065780502505       0.90755136152568960        4.6734579395759406        655094981.11439776     
   3.6246041622577607E-002   299.60523356757869        3.7365837587054700       0.75509612961452943        4.4916798883199993        602131403.76838934     
   3.6985756757732247E-002   297.65727859364728        3.7122894670750815       0.77666477898872310        4.4889542460638046        609924593.04575062     
   3.7725471892886893E-002   298.03194312160878        3.7169621671259900       0.83774849356863323        4.5547106606946235        632026308.93517661     
   3.8465187028041539E-002   305.59532024429905        3.8112902660750172       0.77576709918632847        4.5870573652613453        610199587.93035781     
   3.9204902163196186E-002   306.82485369240692        3.8266246267544970       0.80448428373783898        4.6311089104923360        620010281.63034785     
   3.9944617298350832E-002   300.74014133398686        3.7507379771651852       0.83424098476019393        4.5849789619253789        630259564.63672686     
   4.0684332433505485E-002   293.99686735204403        3.6666379508025102       0.78667021080600286        4.4533081616085131        613537245.18418813     
   4.1424047568660131E-002   297.16622094248686        3.7061651480100730       0.86293151797297718        4.5690966659830501        639723347.06079078     
   4.2163762703814785E-002   291.06895444030175        3.6301219270246663       0.89698729641440100        4.5271092234390675        652202627.77439249     
   4.2903477838969431E-002   304.63162497197078        3.7992713568588976       0.76652036340762131        4.5657917202665184        606404349.54739141     
   4.3643192974124077E-002   307.95694614597807        3.8407437335037220       0.79351287076453902        4.6342566042682618        615872011.43743479     
   4.4382908109278731E-002   288.79443017326338        3.6017547642291596       0.76922044264434042        4.3709752068735002        607034319.32798481     
   4.5122623244433377E-002   300.23053567784876        3.7443823331218691       0.78406840256589516        4.5284507356877644        613371098.16121447     
   4.5862338379588030E-002   296.36429170297771        3.6961637346959590       0.81855089093050659        4.5147146256264659        624901590.31036854     
   4.6602053514742676E-002   306.24478786000145        3.8193902251970311       0.76383259576762152        4.5832228209646528        605657510.39538884     
   4.7341768649897323E-002   302.99379047318564        3.7788447918261885       0.82934619723622327        4.6081909890624120        628718612.21039295     
   4.8081483785051976E-002   302.75280347395295        3.7758392765464004       0.81943965995244616        4.5952789364988469        624821650.16122627     
   4.8821198920206622E-002   308.76810127049941        3.8508602092007109       0.79707144896092263        4.6479316581616335        616956489.63050663     
   4.9560914055361276E-002   292.13976164681384        3.6434767031375985       0.82718606507834291        4.4706627682159414        627300674.43791127     
   5.0300629190515922E-002   299.88421932559919        3.7400631827459527       0.87664700973340148        4.6167101924793545        643662604.73992467     
   5.1040344325670568E-002   293.93757356064214        3.6658984569849089       0.74964981854255575        4.4155482755274642        598315741.12752712     
   5.1780059460825222E-002   303.03233302542623        3.7793254826105467       0.88648454932336751        4.6658100319339137        647917663.93199682     
   5.2519774595979868E-002   309.27311419186833        3.8571585740772307       0.76696985454028910        4.6241284286175190        605261786.03494430     
   5.3259489731134521E-002   291.97502317552028        3.6414221359027756       0.77026206119776031        4.4116841971005361        606737077.52702558     
   5.3999204866289167E-002   303.49161503716800        3.7850535057338570       0.77147985732070612        4.5565333630545632        608270696.27355969     
   5.4738920001443821E-002   309.08077395557422        3.8547597661708264       0.84492723398051206        4.6996870001513384        633175815.81046903     
   5.5478635136598467E-002   308.14831689602966        3.8431304502777217       0.85524018964076665        4.6983706399184886        636883747.67681408     
   5.6218350271753113E-002   292.37114388281930        3.6463624307826596       0.79140740996505121        4.4377698407477109        615666809.60852933     
   5.6958065406907767E-002   311.64865885232928        3.8867856319582330       0.81937168229797697        4.7061573142562096        624480381.33924603     
   5.7697780542062413E-002   294.02027465603311        3.6669298794543534       0.80831663661092845        4.4752465160652823        621131795.25986588     
   5.8437495677217066E-002   314.78767392322777        3.9259344565384460       0.81635632125524960        4.7422907777936958        623302548.66952980     
   5.9177210812371712E-002   298.06119299679955        3.7173269625178489       0.80231953817574175        4.5196465006935904        618093924.88421988     
   5.9916925947526359E-002   299.05965676777510        3.7297794936898097       0.86101992905373115        4.5907994227435402        639553579.64300323     
   6.0656641082681012E-002   287.80202636438332        3.5893778110291681       0.81991180139446707        4.4092896124236347        624633392.80493104     
   6.1396356217835658E-002   315.58348619635552        3.9358595809407775       0.82788777619935439        4.7637473571401312        627738995.89868319     
   6.2136071352990312E-002   293.40374279413481        3.6592406848616497       0.79803380795565837        4.4572744928173078        617886087.23191822     
   6.2875786488144958E-002   298.40022384583995        3.7215552503522757       0.79181244508068260        4.5133676954329580        615465739.72876060     
   6.3615501623299611E-002   313.46343025000698        3.9094188992399150       0.81049059964432490        4.7199094988842401        622055741.61477649     
   6.4355216758454251E-002   308.09792569627240        3.8425019868281600       0.84021318718667903        4.6827151740148389        631749657.47441208     
   6.5094931893608904E-002   297.29446452823333        3.7077645623258784       0.78766661487751088        4.4954311772033888        613982423.71418202     
   6.5834647028763557E-002   303.64989537726103        3.7870275291548481       0.85446546094698095        4.6414929901018294        638408212.47839010     
   6.6574362163918210E-002   291.19479472378760        3.6316913680983918       0.83818494106514074        4.4698763091635323        632353460.80842817     
   6.7314077299072850E-002   291.36079971265076        3.6337617309484127       0.82566555831320165        4.4594272892616145        627584992.73911166     
   6.8053792434227503E-002   297.27807035788476        3.7075600993065501       0.84562280272994905        4.5531829020364993        634716616.64038038     
   6.8793507569382156E-002   305.25075395582678        3.8069929419529664       0.80489300119365947        4.6118859431466257        620279915.98024702     
   6.9533222704536796E-002   300.17666551814438        3.7437104811604289       0.83215337950857493        4.5758638606690045        629254270.89389515     
   7.0272937839691449E-002   296.47236800936588        3.6975116289444747       0.82383024379074032        4.5213418727352153        627215121.22772849     
   7.1012652974846102E-002   302.78471314589433        3.7762372441002445       0.82664385649818695        4.6028811005984318        628323095.57913709     
   7.1752368110000755E-002   307.52148806508791        3.8353128350735566       0.84460734458217912        4.6799201796557357        634305837.59347260     
   7.2492083245155395E-002   294.61383355818742        3.6743325624022294       0.80941913730635795        4.4837516997085869        622267699.31029475     
   7.3231798380310048E-002   287.09338207573165        3.5805398187546507       0.83162510265402445        4.4121649214086753        629165189.19736159     
   7.3971513515464701E-002   303.82464943265808        3.7892070076552371       0.78788928880898190        4.5770962964642194        614007425.20021462     
