  0.10972147175518501      -0.31616669753013338     
  0.32916441526555501       -4.5166671075733342E-002
  0.54860735877592504        0.0000000000000000     
  0.76805030228629512        2.9591786445065559E-312
  0.98749324579666509        4.1501514250664710E-322
   1.2069361893070352        0.0000000000000000     
   1.4263791328174051        0.0000000000000000     
   1.6458220763277751        0.0000000000000000     
   1.8652650198381453       0.13040055036381074     
   2.0847079633485150        1.1036667744040822     
   2.3041509068588852        1.7116940240906291     
   2.5235938503692554        1.6095035156382840     
   2.7430367938796252        1.3769093383908280     
   2.9624797373899954        1.1921276300839112     
   3.1819226809003651        1.0627409912225263     
   3.4013656244107353       0.97766109867327611     
   3.6208085679211055       0.97829793311649349     
   3.8402515114314753       0.98685981704590786     
   4.0596944549418454        1.0182291646357498     
   4.2791373984522156                            NaN
   4.4985803419625858        1.1029479004243106     
   4.7180232854729551        1.1019104656529646     
   4.9374662289833253                            NaN
   5.1569091724936955        1.0933223758887478     
   5.3763521160040648        1.0496172595961524     
   5.5957950595144359        1.0456512638714452     
   5.8152380030248052        1.0381581855065176     
   6.0346809465351763        1.0213062183988999     
   6.2541238900455447        1.0324393019880205     
   6.4735668335559167        1.0451906739683456     
   6.6930097770662851        1.9879525785759079E+060
   6.9124527205766562        1.0441360049605355     
   7.1318956640870255        1.0392895197763961     
   7.3513386075973965                            NaN
   7.5707815511077650                            NaN
   7.7902244946181360        1.4674363517166585E+060
   8.0096674381285045        1.0167247052047921     
   8.2291103816388773        1.0221649097679604     
   8.4485533251492448        1.0127358945284457     
   8.6679962686596159        1.0195886311826818     
   8.8874392121699852        1.0194625224668501     
   9.1068821556803563        1.0160840131288258     
   9.3263250991907256        1.0156249838080460     
   9.5457680427010967       0.99887401859286262     
   9.7652109862114660        1.0030216851875455     
   9.9846539297218371       0.99897172044439275     
   10.204096873232205        1.0050611304328059     
   10.423539816742577       0.99955197623649261     
   10.642982760252945        1.0024639280977059     
   10.862425703763316        1.0117033250785712     
