   3.4294240536639244E-002   0.0000000000000000     
  0.10288272160991774        0.0000000000000000     
  0.17147120268319621        0.0000000000000000     
  0.24005968375647471        0.0000000000000000     
  0.30864816482975321        0.0000000000000000     
  0.37723664590303169        0.0000000000000000     
  0.44582512697631016        0.0000000000000000     
  0.51441360804958869        0.0000000000000000     
  0.58300208912286711        0.0000000000000000     
  0.65159057019614564        0.0000000000000000     
  0.72017905126942416        0.0000000000000000     
  0.78876753234270258        0.0000000000000000     
  0.85735601341598111        0.0000000000000000     
  0.92594449448925964        0.0000000000000000     
  0.99453297556253806        0.0000000000000000     
   1.0631214566358165        0.0000000000000000     
   1.1317099377090951        0.0000000000000000     
   1.2002984187823735        0.0000000000000000     
   1.2688868998556520        0.0000000000000000     
   1.3374753809289306        0.0000000000000000     
   1.4060638620022090        0.0000000000000000     
   1.4746523430754874        0.0000000000000000     
   1.5432408241487661        0.0000000000000000     
   1.6118293052220445        0.0000000000000000     
   1.6804177862953227        0.0000000000000000     
   1.7490062673686015        2.0704790456384098E-003
   1.8175947484418797        1.7391588802330656E-002
   1.8861832295151586        9.9569732290050714E-002
   1.9547717105884368       0.31091327530847229     
   2.0233601916617157       0.62304336150660966     
   2.0919486727349939       0.95110412258721766     
   2.1605371538082725        1.1914590496082460     
   2.2291256348815507        1.3514485652431119     
   2.2977141159548293        1.4522780932991004     
   2.3663025970281075        1.4884129009266112     
   2.4348910781013866        1.4577137041185315     
   2.5034795591746648        1.4419583392072637     
   2.5720680402479434        1.3971326963388457     
   2.6406565213212216        1.3562556624193192     
   2.7092450023945003        1.2887655652637013     
   2.7778334834677785        1.2522968565057879     
   2.8464219645410576        1.2046254198397870     
   2.9150104456143358        1.1398744478819562     
   2.9835989266876144        1.1098243896365401     
   3.0521874077608926        1.0766313796706015     
   3.1207758888341712        1.0264375938496966     
   3.1893643699074494        1.0177267189916703     
   3.2579528509807285       0.98619735815572740     
   3.3265413320540067       0.97432534107883506     
   3.3951298131272853       0.94489568639922705     
   3.4637182942005635       0.94849954859624031     
   3.5323067752738422       0.94734248502045737     
   3.6008952563471204       0.91815805171208376     
   3.6694837374203995       0.91802646583278458     
   3.7380722184936772       0.91783668582151390     
   3.8066606995669563       0.92512005756893789     
   3.8752491806402345       0.92026036007434364     
   3.9438376617135131       0.93917478791106068     
   4.0124261427867918       0.94783823521027311     
   4.0810146238600700       0.94933547337099211     
   4.1496031049333482       0.95975480816572234     
   4.2181915860066272       0.97998507141386471     
   4.2867800670799054       0.99223505239985454     
   4.3553685481531845       0.99137903107167658     
   4.4239570292264627        1.0051947548675155     
   4.4925455102997409        1.0096856054948957     
   4.5611339913730191        1.0148021674745626     
   4.6297224724462982        1.0227841793104180     
   4.6983109535195764        1.0341958260579718     
   4.7668994345928555        1.0242422269586398     
   4.8354879156661337        1.0208962924714406     
   4.9040763967394119        1.0232616533306123     
   4.9726648778126901        1.0226021877845020     
   5.0412533588859691        1.0310352270384999     
   5.1098418399592473        1.0157764922094688     
   5.1784303210325264        1.0196031312629612     
   5.2470188021058037        1.0143216178547523     
   5.3156072831790828        1.0068417141768533     
   5.3841957642523610        1.0093533029128499     
   5.4527842453256401        1.0041163901143157     
   5.5213727263989183        1.0035462011729552     
   5.5899612074721974        1.0047575971956562     
   5.6585496885454747       0.99918623250631100     
   5.7271381696187538       0.99464031472626691     
   5.7957266506920320       0.99347670379600872     
   5.8643151317653111       0.99930487588759320     
   5.9329036128385892       0.99731126908434209     
   6.0014920939118683       0.98928079361602483     
   6.0700805749851456       0.99832709933207675     
   6.1386690560584247       0.99849968653841548     
   6.2072575371317029       0.99229108568477131     
   6.2758460182049820        1.0004964642587184     
   6.3444344992782602       0.99572980632525498     
   6.4130229803515384       0.99573374078576093     
   6.4816114614248166       0.99847622906023970     
   6.5501999424980957        1.0038177517703950     
   6.6187884235713739        1.0048721915438807     
   6.6873769046446530        1.0033353027081711     
   6.7559653857179311        1.0015542385084668     
   6.8245538667912093        1.0080157911400927     
   6.8931423478644884        1.0058434488338810     
   6.9617308289377666       0.99672693206283125     
   7.0303193100110448        1.0019805252682270     
   7.0989077910843230        1.0045205908192782     
   7.1674962721576030        1.0024207727644880     
   7.2360847532308803        1.0033477791589285     
   7.3046732343041585        1.0021554601146589     
   7.3732617153774367       0.99729655225088054     
   7.4418501964507167        1.0019391053018940     
   7.5104386775239949        1.0043133470648249     
   7.5790271585972731        1.0042796690370293     
   7.6476156396705512        1.0077448388503771     
   7.7162041207438303       0.99525899101057269     
   7.7847926018171085        1.0040489911480237     
   7.8533810828903867       0.99825944438569336     
   7.9219695639636649       0.99949791219865070     
   7.9905580450369440       0.99950524062632717     
   8.0591465261102222       0.99874753405762351     
   8.1277350071835013        1.0031331218835082     
   8.1963234882567786       0.99802584360062641     
   8.2649119693300577        1.0030570305816562     
   8.3335004504033368       0.99964412575835093     
   8.4020889314766141       0.99574705992075718     
   8.4706774125498931       0.99866122882633346     
   8.5392658936231722        1.0043444480230583     
   8.6078543746964513        1.0045849123723549     
   8.6764428557697286       0.99641009733286345     
   8.7450313368430059       0.99986859399686190     
   8.8136198179162868        1.0046601739797854     
   8.8822082989895641        1.0047977687278644     
   8.9507967800628432        1.0010914797793959     
   9.0193852611361205        1.0034326630371768     
   9.0879737422093996       0.99774996009373873     
   9.1565622232826787        1.0050381691439139     
   9.2251507043559560        1.0055351679787470     
   9.2937391854292351        1.0016440165065481     
   9.3623276665025141        1.0009176360813363     
   9.4309161475757914        1.0023039846603203     
   9.4995046286490705        1.0028240762768628     
   9.5680931097223478        1.0017188988813772     
   9.6366815907956287        1.0018687080206405     
   9.7052700718689060        1.0038260579912375     
   9.7738585529421851        1.0021534732451882     
   9.8424470340154624        1.0002757233020432     
   9.9110355150887415        1.0009885202581477     
   9.9796239961620206        1.0014328259836685     
   10.048212477235298       0.99759969353295541     
   10.116800958308577       0.99767275396984645     
   10.185389439381856        1.0023244190862504     
   10.253977920455133        1.0003380396147619     
   10.322566401528412        1.0018486436352849     
   10.391154882601690       0.99863549722879630     
   10.459743363674971        1.0018220911585880     
   10.528331844748248       0.99950204956585909     
   10.596920325821527       0.99585247516410835     
   10.665508806894804       0.99903531983293847     
   10.734097287968083       0.99814849965427666     
   10.802685769041362        1.0009295559013829     
   10.871274250114640       0.99920828014851104     
   10.939862731187919        1.0028462050324243     
   11.008451212261198        1.0005290965460976     
   11.077039693334475       0.99666936265731332     
   11.145628174407754        1.0001422197472440     
   11.214216655481032        1.0021677804489966     
   11.282805136554312       0.99966662534926842     
   11.351393617627590        1.0035959983120404     
   11.419982098700869        1.0008991923228852     
   11.488570579774146        1.0005227037568494     
   11.557159060847425        1.0016259280931845     
   11.625747541920704        1.0021313999750867     
   11.694336022993982        1.0015106571804075     
   11.762924504067261        1.0013201682514699     
   11.831512985140540       0.99992579983043151     
   11.900101466213817        1.0026920680576521     
   11.968689947287096        1.0005094958100258     
   12.037278428360374       0.99944181731126891     
   12.105866909433654        1.0027582302264815     
   12.174455390506932       0.99952605074607870     
   12.243043871580211        1.0004687813152466     
   12.311632352653488        1.0012777738274954     
   12.380220833726767       0.99883402200559357     
   12.448809314800046       0.99885901584779835     
   12.517397795873324       0.99853760250963308     
   12.585986276946603        1.0005602937344229     
   12.654574758019882       0.99840913464969683     
   12.723163239093159       0.99820820867713711     
   12.791751720166438       0.99631719744890379     
   12.860340201239715       0.99913152515571635     
   12.928928682312996        1.0010587753737215     
   12.997517163386274       0.99915089818854563     
   13.066105644459553        1.0011236833672781     
   13.134694125532830        1.0018049502793500     
   13.203282606606109       0.99981999764050111     
   13.271871087679388       0.99627352449443762     
   13.340459568752665        1.0002977778430899     
   13.409048049825945       0.99966071882399044     
   13.477636530899224       0.99801832119126510     
   13.546225011972501       0.99973834829486408     
   13.614813493045780       0.99933984249346541     
   13.683401974119059       0.99781888034774391     
